<?xml version="1.0" encoding="UTF-8"?>
<!-- Generated by org.testng.reporters.JUnitReportReporter -->
<testsuite skipped="0" hostname="TR-4FV0Y33" name="fullCreativeTest.test.FirstTest" tests="1" failures="0" timestamp="03 Dec 2021 12:37:44 GMT" time="18.552" errors="0">
  <testcase name="canvasTest" time="18.552" classname="fullCreativeTest.test.FirstTest"/>
</testsuite> <!-- fullCreativeTest.test.FirstTest -->
