<?xml version="1.0" encoding="UTF-8"?>
<!-- Generated by org.testng.reporters.JUnitReportReporter -->
<testsuite skipped="1" hostname="TR-4FV0Y33" name="fullCreativeTest.test.Task2" tests="2" failures="0" timestamp="12 Dec 2021 16:50:55 GMT" time="16.364" errors="0">
  <testcase name="test2" time="16.364" classname="fullCreativeTest.test.Task2"/>
  <testcase name="test1" classname="fullCreativeTest.test.Task2">
    <skipped/>
  </testcase> <!-- test1 -->
</testsuite> <!-- fullCreativeTest.test.Task2 -->
